D:\2010TEST\Cylinder\Cylinder\x64\Debug\cl.command.1.tlog
D:\2010TEST\Cylinder\Cylinder\x64\Debug\CL.read.1.tlog
D:\2010TEST\Cylinder\Cylinder\x64\Debug\CL.write.1.tlog
D:\2010TEST\CYLINDER\CYLINDER\X64\DEBUG\CYLINDER.EXE.EMBED.MANIFEST
D:\2010TEST\CYLINDER\CYLINDER\X64\DEBUG\CYLINDER.EXE.EMBED.MANIFEST.RES
D:\2010TEST\CYLINDER\CYLINDER\X64\DEBUG\CYLINDER.EXE.INTERMEDIATE.MANIFEST
D:\2010TEST\CYLINDER\CYLINDER\X64\DEBUG\CYLINDER.OBJ
D:\2010TEST\CYLINDER\CYLINDER\X64\DEBUG\CYLINDER.PCH
D:\2010TEST\CYLINDER\CYLINDER\X64\DEBUG\CYLINDER.RES
D:\2010TEST\Cylinder\Cylinder\x64\Debug\Cylinder.write.1.tlog
D:\2010TEST\Cylinder\Cylinder\x64\Debug\Cylinder_manifest.rc
D:\2010TEST\CYLINDER\CYLINDER\X64\DEBUG\CYLINDERDLG.OBJ
D:\2010TEST\Cylinder\Cylinder\x64\Debug\link.command.1.tlog
D:\2010TEST\Cylinder\Cylinder\x64\Debug\link.read.1.tlog
D:\2010TEST\Cylinder\Cylinder\x64\Debug\link.write.1.tlog
D:\2010TEST\Cylinder\Cylinder\x64\Debug\link-cvtres.read.1.tlog
D:\2010TEST\Cylinder\Cylinder\x64\Debug\link-cvtres.write.1.tlog
D:\2010TEST\Cylinder\Cylinder\x64\Debug\mt.command.1.tlog
D:\2010TEST\Cylinder\Cylinder\x64\Debug\mt.read.1.tlog
D:\2010TEST\Cylinder\Cylinder\x64\Debug\mt.write.1.tlog
D:\2010TEST\Cylinder\Cylinder\x64\Debug\rc.command.1.tlog
D:\2010TEST\Cylinder\Cylinder\x64\Debug\rc.read.1.tlog
D:\2010TEST\Cylinder\Cylinder\x64\Debug\rc.write.1.tlog
D:\2010TEST\CYLINDER\CYLINDER\X64\DEBUG\STDAFX.OBJ
D:\2010TEST\Cylinder\Cylinder\x64\Debug\vc100.idb
D:\2010TEST\CYLINDER\CYLINDER\X64\DEBUG\VC100.PDB
D:\2010TEST\CYLINDER\X64\DEBUG\CYLINDER.EXE
D:\2010TEST\CYLINDER\X64\DEBUG\CYLINDER.ILK
D:\2010TEST\CYLINDER\X64\DEBUG\CYLINDER.PDB
