生成启动时间为 7/4/2017 11:14:07 AM。
     1>项目“D:\工程1\Cylinder\Cylinder\Cylinder.vcxproj”在节点 2 上(build 个目标)。
     1>InitializeBuildStatus:
         正在创建“x64\Debug\Cylinder.unsuccessfulbuild”，因为已指定“AlwaysCreate”。
       ClCompile:
         d:\vc++\VS2010-CH-（破解版）\VC\bin\x86_amd64\CL.exe /c /Zi /nologo /W3 /WX- /Od /D WIN32 /D _WINDOWS /D _DEBUG /D _MBCS /D _AFXDLL /Gm /EHsc /RTC1 /MDd /GS /fp:precise /Zc:wchar_t /Zc:forScope /Yc"StdAfx.h" /Fp"x64\Debug\Cylinder.pch" /Fo"x64\Debug\\" /Fd"x64\Debug\vc100.pdb" /Gd /TP /errorReport:prompt stdafx.cpp
         stdafx.cpp
         d:\vc++\VS2010-CH-（破解版）\VC\bin\x86_amd64\CL.exe /c /Zi /nologo /W3 /WX- /Od /D WIN32 /D _WINDOWS /D _DEBUG /D _MBCS /D _AFXDLL /Gm /EHsc /RTC1 /MDd /GS /fp:precise /Zc:wchar_t /Zc:forScope /Yu"StdAfx.h" /Fp"x64\Debug\Cylinder.pch" /Fo"x64\Debug\\" /Fd"x64\Debug\vc100.pdb" /Gd /TP /errorReport:prompt Cylinder.cpp CylinderDlg.cpp
         CylinderDlg.cpp
     1>D:\工程1\Cylinder\include\opencv2/core/mat.hpp(1965): warning C4819: 该文件包含不能在当前代码页(936)中表示的字符。请将该文件保存为 Unicode 格式以防止数据丢失
     1>D:\工程1\Cylinder\include\opencv2/core/persistence.hpp : warning C4819: 该文件包含不能在当前代码页(936)中表示的字符。请将该文件保存为 Unicode 格式以防止数据丢失
     1>D:\工程1\Cylinder\include\opencv2/core/mat.hpp(1965): warning C4819: 该文件包含不能在当前代码页(936)中表示的字符。请将该文件保存为 Unicode 格式以防止数据丢失
     1>D:\工程1\Cylinder\include\opencv2/core/utility.hpp : warning C4819: 该文件包含不能在当前代码页(936)中表示的字符。请将该文件保存为 Unicode 格式以防止数据丢失
     1>D:\工程1\Cylinder\include\opencv2/core/utility.hpp : warning C4819: 该文件包含不能在当前代码页(936)中表示的字符。请将该文件保存为 Unicode 格式以防止数据丢失
     1>CylinderDlg.cpp(320): warning C4244: “初始化”: 从“double”转换到“int”，可能丢失数据
     1>CylinderDlg.cpp(334): warning C4244: “=”: 从“double”转换到“int”，可能丢失数据
     1>CylinderDlg.cpp(337): warning C4244: “初始化”: 从“double”转换到“int”，可能丢失数据
     1>CylinderDlg.cpp(339): warning C4244: “初始化”: 从“double”转换到“int”，可能丢失数据
         Cylinder.cpp
     1>D:\工程1\Cylinder\include\opencv2/core/mat.hpp(1965): warning C4819: 该文件包含不能在当前代码页(936)中表示的字符。请将该文件保存为 Unicode 格式以防止数据丢失
     1>D:\工程1\Cylinder\include\opencv2/core/persistence.hpp : warning C4819: 该文件包含不能在当前代码页(936)中表示的字符。请将该文件保存为 Unicode 格式以防止数据丢失
     1>D:\工程1\Cylinder\include\opencv2/core/mat.hpp(1965): warning C4819: 该文件包含不能在当前代码页(936)中表示的字符。请将该文件保存为 Unicode 格式以防止数据丢失
     1>D:\工程1\Cylinder\include\opencv2/core/utility.hpp : warning C4819: 该文件包含不能在当前代码页(936)中表示的字符。请将该文件保存为 Unicode 格式以防止数据丢失
     1>D:\工程1\Cylinder\include\opencv2/core/utility.hpp : warning C4819: 该文件包含不能在当前代码页(936)中表示的字符。请将该文件保存为 Unicode 格式以防止数据丢失
         Generating Code...
       ResourceCompile:
         C:\Program Files (x86)\Microsoft SDKs\Windows\v7.0A\bin\rc.exe /D _DEBUG /D _AFXDLL /l"0x0804" /Ix64\Debug\ /nologo /fo"x64\Debug\Cylinder.res" Cylinder.rc 
       ManifestResourceCompile:
         C:\Program Files (x86)\Microsoft SDKs\Windows\v7.0A\bin\rc.exe /nologo /fo"x64\Debug\Cylinder.exe.embed.manifest.res" x64\Debug\Cylinder_manifest.rc 
       Link:
         d:\vc++\VS2010-CH-（破解版）\VC\bin\x86_amd64\link.exe /ERRORREPORT:PROMPT /OUT:"D:\工程1\Cylinder\x64\Debug\Cylinder.exe" /INCREMENTAL /NOLOGO opencv_ts300.lib opencv_world300.lib /MANIFEST /ManifestFile:"x64\Debug\Cylinder.exe.intermediate.manifest" /MANIFESTUAC:"level='asInvoker' uiAccess='false'" /DEBUG /PDB:"D:\工程1\Cylinder\x64\Debug\Cylinder.pdb" /SUBSYSTEM:WINDOWS /TLBID:1 /DYNAMICBASE /NXCOMPAT /IMPLIB:"D:\工程1\Cylinder\x64\Debug\Cylinder.lib" /MACHINE:X64 x64\Debug\Cylinder.res
         x64\Debug\Cylinder.exe.embed.manifest.res
         x64\Debug\Cylinder.obj
         x64\Debug\CylinderDlg.obj
         x64\Debug\stdafx.obj
         Cylinder.vcxproj -> D:\工程1\Cylinder\x64\Debug\Cylinder.exe
       Manifest:
         正在删除文件“x64\Debug\Cylinder.exe.embed.manifest”。
         C:\Program Files (x86)\Microsoft SDKs\Windows\v7.0A\bin\mt.exe /nologo /verbose /out:"x64\Debug\Cylinder.exe.embed.manifest" /manifest x64\Debug\Cylinder.exe.intermediate.manifest "d:\vc++\VS2010-CH-（破解版）\VC\Include\Manifest\dpiaware.manifest"
         C:\Program Files (x86)\Microsoft SDKs\Windows\v7.0A\bin\rc.exe /nologo /fo"x64\Debug\Cylinder.exe.embed.manifest.res" x64\Debug\Cylinder_manifest.rc 
       LinkEmbedManifest:
         d:\vc++\VS2010-CH-（破解版）\VC\bin\x86_amd64\link.exe /ERRORREPORT:PROMPT /OUT:"D:\工程1\Cylinder\x64\Debug\Cylinder.exe" /INCREMENTAL /NOLOGO opencv_ts300.lib opencv_world300.lib /MANIFEST /ManifestFile:"x64\Debug\Cylinder.exe.intermediate.manifest" /MANIFESTUAC:"level='asInvoker' uiAccess='false'" /DEBUG /PDB:"D:\工程1\Cylinder\x64\Debug\Cylinder.pdb" /SUBSYSTEM:WINDOWS /TLBID:1 /DYNAMICBASE /NXCOMPAT /IMPLIB:"D:\工程1\Cylinder\x64\Debug\Cylinder.lib" /MACHINE:X64 x64\Debug\Cylinder.res
         x64\Debug\Cylinder.exe.embed.manifest.res
         x64\Debug\Cylinder.obj
         x64\Debug\CylinderDlg.obj
         x64\Debug\stdafx.obj
         Cylinder.vcxproj -> D:\工程1\Cylinder\x64\Debug\Cylinder.exe
       FinalizeBuildStatus:
         正在删除文件“x64\Debug\Cylinder.unsuccessfulbuild”。
         正在对“x64\Debug\Cylinder.lastbuildstate”执行 Touch 任务。
     1>已完成生成项目“D:\工程1\Cylinder\Cylinder\Cylinder.vcxproj”(build 个目标)的操作。

生成成功。

已用时间 00:00:08.16
