D:\2010TEST\Cylinder\Cylinder\Debug\cl.command.1.tlog
D:\2010TEST\Cylinder\Cylinder\Debug\CL.read.1.tlog
D:\2010TEST\Cylinder\Cylinder\Debug\CL.write.1.tlog
D:\2010TEST\CYLINDER\CYLINDER\DEBUG\CYLINDER.EXE.EMBED.MANIFEST
D:\2010TEST\CYLINDER\CYLINDER\DEBUG\CYLINDER.EXE.EMBED.MANIFEST.RES
D:\2010TEST\CYLINDER\CYLINDER\DEBUG\CYLINDER.EXE.INTERMEDIATE.MANIFEST
D:\2010TEST\CYLINDER\CYLINDER\DEBUG\CYLINDER.OBJ
D:\2010TEST\CYLINDER\CYLINDER\DEBUG\CYLINDER.PCH
D:\2010TEST\CYLINDER\CYLINDER\DEBUG\CYLINDER.RES
D:\2010TEST\Cylinder\Cylinder\Debug\Cylinder.write.1.tlog
D:\2010TEST\Cylinder\Cylinder\Debug\Cylinder_manifest.rc
D:\2010TEST\CYLINDER\CYLINDER\DEBUG\CYLINDERDLG.OBJ
D:\2010TEST\Cylinder\Cylinder\Debug\link.3480.read.1.tlog
D:\2010TEST\Cylinder\Cylinder\Debug\link.3480.write.1.tlog
D:\2010TEST\Cylinder\Cylinder\Debug\link.3480-cvtres.read.1.tlog
D:\2010TEST\Cylinder\Cylinder\Debug\link.3480-cvtres.write.1.tlog
D:\2010TEST\Cylinder\Cylinder\Debug\link.5292.read.1.tlog
D:\2010TEST\Cylinder\Cylinder\Debug\link.5292.write.1.tlog
D:\2010TEST\Cylinder\Cylinder\Debug\link.5292-cvtres.read.1.tlog
D:\2010TEST\Cylinder\Cylinder\Debug\link.5292-cvtres.write.1.tlog
D:\2010TEST\Cylinder\Cylinder\Debug\link.5364.read.1.tlog
D:\2010TEST\Cylinder\Cylinder\Debug\link.5364.write.1.tlog
D:\2010TEST\Cylinder\Cylinder\Debug\link.5364-cvtres.read.1.tlog
D:\2010TEST\Cylinder\Cylinder\Debug\link.5364-cvtres.write.1.tlog
D:\2010TEST\Cylinder\Cylinder\Debug\link.5380.read.1.tlog
D:\2010TEST\Cylinder\Cylinder\Debug\link.5380.write.1.tlog
D:\2010TEST\Cylinder\Cylinder\Debug\link.5380-cvtres.read.1.tlog
D:\2010TEST\Cylinder\Cylinder\Debug\link.5380-cvtres.write.1.tlog
D:\2010TEST\Cylinder\Cylinder\Debug\link.6400.read.1.tlog
D:\2010TEST\Cylinder\Cylinder\Debug\link.6400.write.1.tlog
D:\2010TEST\Cylinder\Cylinder\Debug\link.6400-cvtres.read.1.tlog
D:\2010TEST\Cylinder\Cylinder\Debug\link.6400-cvtres.write.1.tlog
D:\2010TEST\Cylinder\Cylinder\Debug\link.7328.read.1.tlog
D:\2010TEST\Cylinder\Cylinder\Debug\link.7328.write.1.tlog
D:\2010TEST\Cylinder\Cylinder\Debug\link.7328-cvtres.read.1.tlog
D:\2010TEST\Cylinder\Cylinder\Debug\link.7328-cvtres.write.1.tlog
D:\2010TEST\Cylinder\Cylinder\Debug\link.7824.read.1.tlog
D:\2010TEST\Cylinder\Cylinder\Debug\link.7824.write.1.tlog
D:\2010TEST\Cylinder\Cylinder\Debug\link.7824-cvtres.read.1.tlog
D:\2010TEST\Cylinder\Cylinder\Debug\link.7824-cvtres.write.1.tlog
D:\2010TEST\Cylinder\Cylinder\Debug\link.7900.read.1.tlog
D:\2010TEST\Cylinder\Cylinder\Debug\link.7900.write.1.tlog
D:\2010TEST\Cylinder\Cylinder\Debug\link.7900-cvtres.read.1.tlog
D:\2010TEST\Cylinder\Cylinder\Debug\link.7900-cvtres.write.1.tlog
D:\2010TEST\Cylinder\Cylinder\Debug\link.7960.read.1.tlog
D:\2010TEST\Cylinder\Cylinder\Debug\link.7960.write.1.tlog
D:\2010TEST\Cylinder\Cylinder\Debug\link.7960-cvtres.read.1.tlog
D:\2010TEST\Cylinder\Cylinder\Debug\link.7960-cvtres.write.1.tlog
D:\2010TEST\Cylinder\Cylinder\Debug\link.command.1.tlog
D:\2010TEST\Cylinder\Cylinder\Debug\link.read.1.tlog
D:\2010TEST\Cylinder\Cylinder\Debug\link.write.1.tlog
D:\2010TEST\Cylinder\Cylinder\Debug\link-cvtres.read.1.tlog
D:\2010TEST\Cylinder\Cylinder\Debug\link-cvtres.write.1.tlog
D:\2010TEST\Cylinder\Cylinder\Debug\mt.command.1.tlog
D:\2010TEST\Cylinder\Cylinder\Debug\mt.read.1.tlog
D:\2010TEST\Cylinder\Cylinder\Debug\mt.write.1.tlog
D:\2010TEST\Cylinder\Cylinder\Debug\rc.command.1.tlog
D:\2010TEST\Cylinder\Cylinder\Debug\rc.read.1.tlog
D:\2010TEST\Cylinder\Cylinder\Debug\rc.write.1.tlog
D:\2010TEST\CYLINDER\CYLINDER\DEBUG\STDAFX.OBJ
D:\2010TEST\Cylinder\Cylinder\Debug\vc100.idb
D:\2010TEST\CYLINDER\CYLINDER\DEBUG\VC100.PDB
D:\2010TEST\CYLINDER\DEBUG\CYLINDER.EXE
D:\2010TEST\CYLINDER\DEBUG\CYLINDER.ILK
D:\2010TEST\CYLINDER\DEBUG\CYLINDER.PDB
