生成启动时间为 2015/11/4 10:38:56。
     1>项目“D:\2010TEST\Cylinder\Cylinder\Cylinder.vcxproj”在节点 2 上(build 个目标)。
     1>InitializeBuildStatus:
         正在对“Debug\Cylinder.unsuccessfulbuild”执行 Touch 任务。
       ClCompile:
         所有输出均为最新。
         d:\2010\VC\bin\CL.exe /c /ZI /nologo /W3 /WX- /Od /Oy- /D WIN32 /D _WINDOWS /D _DEBUG /D _MBCS /D _AFXDLL /Gm /EHsc /RTC1 /MDd /GS /fp:precise /Zc:wchar_t /Zc:forScope /Yu"StdAfx.h" /Fp"Debug\Cylinder.pch" /Fo"Debug\\" /Fd"Debug\vc100.pdb" /Gd /TP /analyze- /errorReport:prompt CylinderDlg.cpp
         CylinderDlg.cpp
       ResourceCompile:
         所有输出均为最新。
       ManifestResourceCompile:
         所有输出均为最新。
       Link:
         d:\2010\VC\bin\link.exe /ERRORREPORT:PROMPT /OUT:"D:\2010TEST\Cylinder\Debug\Cylinder.exe" /INCREMENTAL /NOLOGO opencv_calib3d249d.lib opencv_contrib249d.lib opencv_core249d.lib opencv_features2d249d.lib opencv_flann249d.lib opencv_gpu249d.lib opencv_highgui249d.lib opencv_imgproc249d.lib opencv_legacy249d.lib opencv_ml249d.lib opencv_nonfree249d.lib opencv_objdetect249d.lib opencv_ocl249d.lib opencv_photo249d.lib opencv_stitching249d.lib opencv_superres249d.lib opencv_ts249d.lib opencv_video249d.lib opencv_videostab249d.lib /MANIFEST /ManifestFile:"Debug\Cylinder.exe.intermediate.manifest" /MANIFESTUAC:"level='asInvoker' uiAccess='false'" /DEBUG /PDB:"D:\2010TEST\Cylinder\Debug\Cylinder.pdb" /SUBSYSTEM:WINDOWS /TLBID:1 /DYNAMICBASE /NXCOMPAT /IMPLIB:"D:\2010TEST\Cylinder\Debug\Cylinder.lib" /MACHINE:X86 Debug\Cylinder.res
         Debug\Cylinder.exe.embed.manifest.res
         Debug\Cylinder.obj
         Debug\CylinderDlg.obj
         Debug\stdafx.obj
       Manifest:
         C:\Program Files (x86)\Microsoft SDKs\Windows\v7.0A\bin\mt.exe /nologo /verbose /out:"Debug\Cylinder.exe.embed.manifest" /manifest Debug\Cylinder.exe.intermediate.manifest d:\2010\VC\Include\Manifest\dpiaware.manifest
         所有输出均为最新。
       LinkEmbedManifest:
         所有输出均为最新。
         Cylinder.vcxproj -> D:\2010TEST\Cylinder\Debug\Cylinder.exe
       FinalizeBuildStatus:
         正在删除文件“Debug\Cylinder.unsuccessfulbuild”。
         正在对“Debug\Cylinder.lastbuildstate”执行 Touch 任务。
     1>已完成生成项目“D:\2010TEST\Cylinder\Cylinder\Cylinder.vcxproj”(build 个目标)的操作。

生成成功。

已用时间 00:00:01.30
